<?xml version="1.0" encoding="UTF-8"?>
<!-- Generated by org.testng.reporters.JUnitXMLReporter -->
<testsuite ignored="0" hostname="DESKTOP-37OJCBG" failures="0" tests="7" name="my test" time="69.765" errors="0" timestamp="2025-09-30T21:54:39 IST">
  <testcase classname="TestNg.OrangeHrmTestCase" name="openapp" time="63.803"/>
  <testcase classname="TestNg.OrangeHrmTestCase" name="logopresence" time="3.243"/>
  <testcase classname="TestNg.OrangeHrmTestCase" name="login" time="2.177"/>
  <testcase classname="TestNg.OrangeHrmTestCase" name="close" time="0.358"/>
  <testcase classname="TestNg.FirstTestCase" name="openapp" time="0.014"/>
  <testcase classname="TestNg.FirstTestCase" name="loginapp" time="0.005"/>
  <testcase classname="TestNg.FirstTestCase" name="logoutapp" time="0.01"/>
</testsuite> <!-- my test -->
