<?xml version="1.0" encoding="UTF-8"?>
<!-- Generated by org.testng.reporters.JUnitReportReporter -->
<testsuite hostname="DESKTOP-37OJCBG" failures="0" tests="3" name="TestNg.FirstTestCase" time="0.029" errors="0" timestamp="2025-09-30T21:54:40 IST" skipped="0">
  <testcase classname="TestNg.FirstTestCase" name="openapp" time="0.014"/>
  <testcase classname="TestNg.FirstTestCase" name="loginapp" time="0.005"/>
  <testcase classname="TestNg.FirstTestCase" name="logoutapp" time="0.010"/>
</testsuite> <!-- TestNg.FirstTestCase -->
