<?xml version="1.0" encoding="UTF-8"?>
<!-- Generated by org.testng.reporters.JUnitReportReporter -->
<testsuite hostname="DESKTOP-37OJCBG" failures="0" tests="4" name="TestNg.OrangeHrmTestCase" time="69.581" errors="0" timestamp="2025-09-30T21:54:40 IST" skipped="0">
  <testcase classname="TestNg.OrangeHrmTestCase" name="openapp" time="63.803"/>
  <testcase classname="TestNg.OrangeHrmTestCase" name="logopresence" time="3.243"/>
  <testcase classname="TestNg.OrangeHrmTestCase" name="login" time="2.177"/>
  <testcase classname="TestNg.OrangeHrmTestCase" name="close" time="0.358"/>
</testsuite> <!-- TestNg.OrangeHrmTestCase -->
