<?xml version="1.0" encoding="UTF-8"?>
<!-- Generated by org.testng.reporters.JUnitReportReporter -->
<testsuite hostname="DESKTOP-37OJCBG" failures="0" tests="5" name="TestNg.DependencyMethod" time="0.051" errors="0" timestamp="2025-10-03T13:54:41 IST" skipped="0">
  <testcase classname="TestNg.DependencyMethod" name="openapp" time="0.023"/>
  <testcase classname="TestNg.DependencyMethod" name="login" time="0.006"/>
  <testcase classname="TestNg.DependencyMethod" name="search" time="0.014"/>
  <testcase classname="TestNg.DependencyMethod" name="advsearch" time="0.004"/>
  <testcase classname="TestNg.DependencyMethod" name="logout" time="0.004"/>
</testsuite> <!-- TestNg.DependencyMethod -->
